DEFAULTUSER              ||0||37||2||9887||0||1#EOR#
DEFAULTUSER              ||0||38||2||9887||0||2#EOR#
DEFAULTUSER              ||0||47||2||9887||0||3#EOR#
DEFAULTUSER              ||0||48||2||9887||0||4#EOR#
DEFAULTUSER              ||0||62||2||9887||0||5#EOR#
DEFAULTUSER              ||0||69||2||9887||0||6#EOR#
DEFAULTUSER              ||0||71||2||9887||0||7#EOR#
DEFAULTUSER              ||0||226||2||9887||0||8#EOR#
DEFAULTUSER              ||0||253||2||9887||0||9#EOR#
DEFAULTUSER              ||0||384||2||9887||0||10#EOR#
DEFAULTUSER              ||0||405||2||9887||0||11#EOR#
DEFAULTUSER              ||0||427||2||9887||0||12#EOR#
DEFAULTUSER              ||0||652||2||9887||0||13#EOR#
DEFAULTUSER              ||0||665||2||9887||0||14#EOR#
DEFAULTUSER              ||0||685||2||9887||0||15#EOR#
DEFAULTUSER              ||0||690||2||9887||0||16#EOR#
DEFAULTUSER              ||0||692||2||9887||0||17#EOR#
DEFAULTUSER              ||0||777||2||9887||0||18#EOR#
DEFAULTUSER              ||0||797||2||9887||0||19#EOR#
DEFAULTUSER              ||0||886||2||9887||0||20#EOR#
DEFAULTUSER              ||0||918||2||9887||0||21#EOR#
DEFAULTUSER              ||0||1199||2||9887||0||22#EOR#
DEFAULTUSER              ||0||1201||2||9887||0||23#EOR#
DEFAULTUSER              ||0||1428||2||9887||0||24#EOR#
DEFAULTUSER              ||0||15||23||9887||0||25#EOR#
DEFAULTUSER              ||0||462||23||9887||0||26#EOR#
DEFAULTUSER              ||0||823||23||9887||0||27#EOR#
