ADMIN_FIN_009*           ||9887||22064||1||1#EOR#
ADMIN_FIN_009*           ||9887||22065||1||1#EOR#
ADMIN_FIN_009*           ||9887||22068||1||1#EOR#
ADMIN_COMPANY_012*       ||9887||22066||1||1#EOR#
ADMIN_FIN_009*           ||9887||22067||1||1#EOR#
ADMIN_FIN_009*           ||9887||22047||1||1#EOR#
ADMIN_PURCH_020*         ||9887||22049||1||1#EOR#
ADMIN_PURCH_020*         ||9887||22050||1||1#EOR#
ADMIN_PURCH_020*         ||9887||22051||1||1#EOR#
ADMIN_SALES_016*         ||9887||22070||1||1#EOR#
ADMIN_SALES_016*         ||9887||22079||1||1#EOR#
ADMIN_FIN_009*           ||9887||22030||1||1#EOR#
ADMIN_FIN_009*           ||9887||22001||1||1#EOR#
ADMIN_FIN_009*           ||9887||22056||1||1#EOR#
ADMIN_FIN_009*           ||9887||22058||1||1#EOR#
ADMIN_FIN_009*           ||9887||22059||1||1#EOR#
ADMIN_FIN_009*           ||9887||22003||1||1#EOR#
ADMIN_FIN_009*           ||9887||22005||1||1#EOR#
ADMIN_FIN_009*           ||9887||22006||1||1#EOR#
ADMIN_FIN_009*           ||9887||22000||1||1#EOR#
ADMIN_FIN_009*           ||9887||22007||1||1#EOR#
ADMIN_FIN_009*           ||9887||22008||1||1#EOR#
ADMIN_FIN_009*           ||9887||22009||1||1#EOR#
ADMIN_FIN_009*           ||9887||22010||1||1#EOR#
ADMIN_COMPANY_012*       ||9887||22031||1||1#EOR#
ADMIN_COMPANY_012*       ||9887||22011||1||1#EOR#
ADMIN_FIN_009*           ||9887||22012||1||1#EOR#
ADMIN_FIN_009*           ||9887||22034||1||1#EOR#
ADMIN_FIN_009*           ||9887||22035||1||1#EOR#
ADMIN_FIN_009*           ||9887||22013||1||1#EOR#
ADMIN_SYSTEM_013*        ||9887||22015||1||1#EOR#
ADMIN_SYSTEM_013*        ||9887||22016||1||1#EOR#
ADMIN_SYSTEM_013*        ||9887||22017||1||1#EOR#
ADMIN_FIN_009*           ||9887||22018||1||1#EOR#
ADMIN_FIN_009*           ||9887||22019||1||1#EOR#
ADMIN_FIN_009*           ||9887||22020||1||1#EOR#
ADMIN_FIN_009*           ||9887||22021||1||1#EOR#
ADMIN_FIN_009*           ||9887||22037||1||1#EOR#
ADMIN_PURCH_020*         ||9887||22032||1||1#EOR#
ADMIN_PURCH_020*         ||9887||22033||1||1#EOR#
ADMIN_COMPANY_012*       ||9887||22044||1||1#EOR#
ADMIN_FIN_009*           ||9887||22062||1||1#EOR#
ADMIN_COMPANY_012*       ||9887||22045||1||1#EOR#
ADMIN_FIN_009*           ||9887||22026||1||1#EOR#
ADMIN_FIN_009*           ||9887||22027||1||1#EOR#
ADMIN_FIN_009*           ||9887||22029||1||1#EOR#
ADMIN_FIN_009*           ||9887||22071||1||1#EOR#
ADMIN_FIN_009*           ||9887||22073||1||1#EOR#
ADMIN_FIN_009*           ||9887||22074||1||1#EOR#
ADMIN_FIN_009*           ||9887||22075||1||1#EOR#
ADMIN_FIN_009*           ||9887||22076||1||1#EOR#
ADMIN_FIN_009*           ||9887||22077||1||1#EOR#
DEFAULTUSER              ||9887||22064||1||1#EOR#
DEFAULTUSER              ||9887||22065||1||1#EOR#
DEFAULTUSER              ||9887||22068||1||1#EOR#
DEFAULTUSER              ||9887||22066||1||1#EOR#
DEFAULTUSER              ||9887||22067||1||1#EOR#
DEFAULTUSER              ||9887||22047||1||1#EOR#
DEFAULTUSER              ||9887||22049||1||1#EOR#
DEFAULTUSER              ||9887||22050||1||1#EOR#
DEFAULTUSER              ||9887||22051||1||1#EOR#
DEFAULTUSER              ||9887||22070||1||1#EOR#
DEFAULTUSER              ||9887||22079||1||1#EOR#
DEFAULTUSER              ||9887||22030||1||1#EOR#
DEFAULTUSER              ||9887||22001||1||1#EOR#
DEFAULTUSER              ||9887||22056||1||1#EOR#
DEFAULTUSER              ||9887||22058||1||1#EOR#
DEFAULTUSER              ||9887||22059||1||1#EOR#
DEFAULTUSER              ||9887||22003||1||1#EOR#
DEFAULTUSER              ||9887||22005||1||1#EOR#
DEFAULTUSER              ||9887||22006||1||1#EOR#
DEFAULTUSER              ||9887||22000||1||1#EOR#
DEFAULTUSER              ||9887||22007||1||1#EOR#
DEFAULTUSER              ||9887||22008||1||1#EOR#
DEFAULTUSER              ||9887||22009||1||1#EOR#
DEFAULTUSER              ||9887||22010||1||1#EOR#
DEFAULTUSER              ||9887||22031||1||1#EOR#
DEFAULTUSER              ||9887||22011||1||1#EOR#
DEFAULTUSER              ||9887||22012||1||1#EOR#
DEFAULTUSER              ||9887||22034||1||1#EOR#
DEFAULTUSER              ||9887||22035||1||1#EOR#
DEFAULTUSER              ||9887||22013||1||1#EOR#
DEFAULTUSER              ||9887||22015||1||1#EOR#
DEFAULTUSER              ||9887||22016||1||1#EOR#
DEFAULTUSER              ||9887||22017||1||1#EOR#
DEFAULTUSER              ||9887||22018||1||1#EOR#
DEFAULTUSER              ||9887||22019||1||1#EOR#
DEFAULTUSER              ||9887||22020||1||1#EOR#
DEFAULTUSER              ||9887||22021||1||1#EOR#
DEFAULTUSER              ||9887||22037||1||1#EOR#
DEFAULTUSER              ||9887||22032||1||1#EOR#
DEFAULTUSER              ||9887||22033||1||1#EOR#
DEFAULTUSER              ||9887||22044||1||1#EOR#
DEFAULTUSER              ||9887||22062||1||1#EOR#
DEFAULTUSER              ||9887||22045||1||1#EOR#
DEFAULTUSER              ||9887||22026||1||1#EOR#
DEFAULTUSER              ||9887||22027||1||1#EOR#
DEFAULTUSER              ||9887||22029||1||1#EOR#
DEFAULTUSER              ||9887||22071||1||1#EOR#
DEFAULTUSER              ||9887||22073||1||1#EOR#
DEFAULTUSER              ||9887||22074||1||1#EOR#
DEFAULTUSER              ||9887||22075||1||1#EOR#
DEFAULTUSER              ||9887||22076||1||1#EOR#
DEFAULTUSER              ||9887||22077||1||1#EOR#
ADMIN_COMPANY_001*       ||9887||22023||2||1#EOR#
ADMIN_COMPANY_001*       ||9887||22007||2||1#EOR#
ADMIN_COMPANY_001*       ||9887||22010||2||1#EOR#
ADMIN_COMPANY_001*       ||9887||22030||2||1#EOR#
ADMIN_COMPANY_002*       ||9887||22019||2||1#EOR#
ADMIN_COMPANY_004*       ||9887||22001||2||1#EOR#
ADMIN_COMPANY_004*       ||9887||22039||2||1#EOR#
ADMIN_COMPANY_007*       ||9887||22041||2||1#EOR#
ADMIN_FIN_001*           ||9887||22012||2||1#EOR#
ADMIN_FIN_001*           ||9887||22014||2||1#EOR#
ADMIN_FIN_001*           ||9887||22015||2||1#EOR#
ADMIN_FIN_001*           ||9887||22028||2||1#EOR#
CARD_0101*               ||9887||22001||2||1#EOR#
CARD_0104*               ||9887||22021||2||1#EOR#
CARD_0201*               ||9887||22003||2||1#EOR#
DEFAULTUSER              ||9887||22002||2||1#EOR#
DEFAULTUSER              ||9887||22004||2||1#EOR#
DEFAULTUSER              ||9887||22006||2||1#EOR#
DEFAULTUSER              ||9887||22022||2||1#EOR#
DEFAULTUSER              ||9887||22025||2||1#EOR#
DEFAULTUSER              ||9887||22013||2||1#EOR#
DEFAULTUSER              ||9887||22029||2||1#EOR#
DEFAULTUSER              ||9887||22031||2||1#EOR#
DEFAULTUSER              ||9887||22020||2||1#EOR#
DEFAULTUSER              ||9887||22027||2||1#EOR#
DEFAULTUSER              ||9887||22000||2||1#EOR#
INQ_FIN_001*             ||9887||22038||2||1#EOR#
RPT_FIN_001*             ||9887||22005||2||1#EOR#
RPT_FIN_001*             ||9887||22011||2||1#EOR#
RPT_FIN_001*             ||9887||22024||2||1#EOR#
RPT_FIN_001*             ||9887||22017||2||1#EOR#
RPT_FIN_001*             ||9887||22018||2||1#EOR#
RPT_FIN_001*             ||9887||22040||2||1#EOR#
DEFAULTUSER              ||9887||22023||2||1#EOR#
DEFAULTUSER              ||9887||22007||2||1#EOR#
DEFAULTUSER              ||9887||22010||2||1#EOR#
DEFAULTUSER              ||9887||22030||2||1#EOR#
DEFAULTUSER              ||9887||22019||2||1#EOR#
DEFAULTUSER              ||9887||22001||2||1#EOR#
DEFAULTUSER              ||9887||22039||2||1#EOR#
DEFAULTUSER              ||9887||22041||2||1#EOR#
DEFAULTUSER              ||9887||22012||2||1#EOR#
DEFAULTUSER              ||9887||22014||2||1#EOR#
DEFAULTUSER              ||9887||22015||2||1#EOR#
DEFAULTUSER              ||9887||22028||2||1#EOR#
DEFAULTUSER              ||9887||22021||2||1#EOR#
DEFAULTUSER              ||9887||22003||2||1#EOR#
DEFAULTUSER              ||9887||22038||2||1#EOR#
DEFAULTUSER              ||9887||22005||2||1#EOR#
DEFAULTUSER              ||9887||22011||2||1#EOR#
DEFAULTUSER              ||9887||22024||2||1#EOR#
DEFAULTUSER              ||9887||22017||2||1#EOR#
DEFAULTUSER              ||9887||22018||2||1#EOR#
DEFAULTUSER              ||9887||22040||2||1#EOR#
RPT_FIN_001*             ||9887||22001||23||1#EOR#
RPT_FIN_001*             ||9887||22000||23||1#EOR#
RPT_FIN_001*             ||9887||22003||23||1#EOR#
RPT_FIN_001*             ||9887||22002||23||1#EOR#
RPT_FIN_001*             ||9887||22005||23||1#EOR#
RPT_FIN_001*             ||9887||22004||23||1#EOR#
RPT_FIN_004*             ||9887||22022||23||1#EOR#
RPT_FIN_004*             ||9887||22021||23||1#EOR#
DEFAULTUSER              ||9887||22006||23||1#EOR#
RPT_FIN_001*             ||9887||22007||23||1#EOR#
RPT_FIN_001*             ||9887||22008||23||1#EOR#
RPT_FIN_001*             ||9887||22009||23||1#EOR#
RPT_FIN_001*             ||9887||22010||23||1#EOR#
RPT_FIN_001*             ||9887||22011||23||1#EOR#
RPT_FIN_001*             ||9887||22012||23||1#EOR#
RPT_FIN_001*             ||9887||22013||23||1#EOR#
RPT_FIN_001*             ||9887||22014||23||1#EOR#
RPT_FIN_001*             ||9887||22015||23||1#EOR#
RPT_FIN_001*             ||9887||22016||23||1#EOR#
RPT_FIN_001*             ||9887||22017||23||1#EOR#
RPT_FIN_001*             ||9887||22023||23||1#EOR#
RPT_FIN_001*             ||9887||22018||23||1#EOR#
RPT_FIN_001*             ||9887||22019||23||1#EOR#
RPT_FIN_001*             ||9887||22020||23||1#EOR#
DEFAULTUSER              ||9887||22001||23||1#EOR#
DEFAULTUSER              ||9887||22000||23||1#EOR#
DEFAULTUSER              ||9887||22003||23||1#EOR#
DEFAULTUSER              ||9887||22002||23||1#EOR#
DEFAULTUSER              ||9887||22005||23||1#EOR#
DEFAULTUSER              ||9887||22004||23||1#EOR#
DEFAULTUSER              ||9887||22022||23||1#EOR#
DEFAULTUSER              ||9887||22021||23||1#EOR#
DEFAULTUSER              ||9887||22007||23||1#EOR#
DEFAULTUSER              ||9887||22008||23||1#EOR#
DEFAULTUSER              ||9887||22009||23||1#EOR#
DEFAULTUSER              ||9887||22010||23||1#EOR#
DEFAULTUSER              ||9887||22011||23||1#EOR#
DEFAULTUSER              ||9887||22012||23||1#EOR#
DEFAULTUSER              ||9887||22013||23||1#EOR#
DEFAULTUSER              ||9887||22014||23||1#EOR#
DEFAULTUSER              ||9887||22015||23||1#EOR#
DEFAULTUSER              ||9887||22016||23||1#EOR#
DEFAULTUSER              ||9887||22017||23||1#EOR#
DEFAULTUSER              ||9887||22023||23||1#EOR#
DEFAULTUSER              ||9887||22018||23||1#EOR#
DEFAULTUSER              ||9887||22019||23||1#EOR#
DEFAULTUSER              ||9887||22020||23||1#EOR#
